<?xml version="1.0" encoding="UTF-8"?>
<!-- Generated by org.testng.reporters.JUnitReportReporter -->
<testsuite hostname="QT-INBG-LT0051" failures="0" tests="1" name="Testframework.Restassured.Username" time="3.853" errors="0" timestamp="8 Apr 2021 05:50:38 GMT">
  <testcase classname="Testframework.Restassured.Username" name="displayusername_tweet" time="3.853"/>
</testsuite> <!-- Testframework.Restassured.Username -->
