<?xml version="1.0" encoding="UTF-8"?>
<!-- Generated by org.testng.reporters.JUnitReportReporter -->
<testsuite hostname="QT-INBG-LT0051" failures="0" tests="2" name="Testframework.Restassured.twitter" time="4.832" errors="0" timestamp="8 Apr 2021 05:50:25 GMT">
  <testcase classname="Testframework.Restassured.twitter" name="getTweet" time="0.531"/>
  <testcase classname="Testframework.Restassured.twitter" name="createandDeletetweet" time="4.301"/>
</testsuite> <!-- Testframework.Restassured.twitter -->
